  hashmap.cpp
  main.cpp
c:\users\user11\desktop\end-project-grade-12-master\hooking\hashmap.h(80): error C2664: 'unsigned int hash(char *,unsigned int)': cannot convert argument 1 from 'T' to 'char *'
          with
          [
              T=std::wstring
          ]
  c:\users\user11\desktop\end-project-grade-12-master\hooking\hashmap.h(80): note: No user-defined-conversion operator available that can perform this conversion, or the operator cannot be called
  c:\users\user11\desktop\end-project-grade-12-master\hooking\hashmap.h(77): note: while compiling class template member function 'int hash_map<std::wstring,std::wstring>::calculate_hash(T)'
          with
          [
              T=std::wstring
          ]
  c:\users\user11\desktop\end-project-grade-12-master\hooking\hashmap.h(44): note: see reference to function template instantiation 'int hash_map<std::wstring,std::wstring>::calculate_hash(T)' being compiled
          with
          [
              T=std::wstring
          ]
  c:\users\user11\desktop\end-project-grade-12-master\hooking\hashmap.h(30): note: while compiling class template member function 'hash_map<std::wstring,std::wstring>::hash_map(int)'
  c:\users\user11\desktop\end-project-grade-12-master\hooking\main.cpp(45): note: see reference to function template instantiation 'hash_map<std::wstring,std::wstring>::hash_map(int)' being compiled
  c:\users\user11\desktop\end-project-grade-12-master\hooking\main.cpp(45): note: see reference to class template instantiation 'hash_map<std::wstring,std::wstring>' being compiled
c:\users\user11\desktop\end-project-grade-12-master\hooking\hashmap.h(55): error C2678: binary '==': no operator found which takes a left-hand operand of type 'std::basic_string<wchar_t,std::char_traits<wchar_t>,std::allocator<wchar_t>>' (or there is no acceptable conversion)
  c:\program files (x86)\windows kits\10\include\10.0.17134.0\shared\guiddef.h(192): note: could be 'bool operator ==(const GUID &,const GUID &)'
  c:\program files (x86)\microsoft visual studio\2017\professional\vc\tools\msvc\14.15.26726\include\exception(321): note: or       'bool std::operator ==(const std::exception_ptr &,const std::exception_ptr &) noexcept' [found using argument-dependent lookup]
  c:\program files (x86)\microsoft visual studio\2017\professional\vc\tools\msvc\14.15.26726\include\exception(326): note: or       'bool std::operator ==(std::nullptr_t,const std::exception_ptr &) noexcept' [found using argument-dependent lookup]
  c:\program files (x86)\microsoft visual studio\2017\professional\vc\tools\msvc\14.15.26726\include\exception(331): note: or       'bool std::operator ==(const std::exception_ptr &,std::nullptr_t) noexcept' [found using argument-dependent lookup]
  c:\program files (x86)\microsoft visual studio\2017\professional\vc\tools\msvc\14.15.26726\include\system_error(266): note: or       'bool std::operator ==(const std::error_code &,const std::error_code &) noexcept' [found using argument-dependent lookup]
  c:\program files (x86)\microsoft visual studio\2017\professional\vc\tools\msvc\14.15.26726\include\system_error(272): note: or       'bool std::operator ==(const std::error_code &,const std::error_condition &) noexcept' [found using argument-dependent lookup]
  c:\program files (x86)\microsoft visual studio\2017\professional\vc\tools\msvc\14.15.26726\include\system_error(278): note: or       'bool std::operator ==(const std::error_condition &,const std::error_code &) noexcept' [found using argument-dependent lookup]
  c:\program files (x86)\microsoft visual studio\2017\professional\vc\tools\msvc\14.15.26726\include\system_error(284): note: or       'bool std::operator ==(const std::error_condition &,const std::error_condition &) noexcept' [found using argument-dependent lookup]
  c:\users\user11\desktop\end-project-grade-12-master\hooking\hashmap.h(55): note: while trying to match the argument list '(std::basic_string<wchar_t,std::char_traits<wchar_t>,std::allocator<wchar_t>>, int)'
  c:\users\user11\desktop\end-project-grade-12-master\hooking\hashmap.h(64): note: see reference to function template instantiation 'bool check_null<T,R>(std::tuple<T,R>)' being compiled
          with
          [
              T=std::wstring,
              R=std::wstring
          ]
  c:\users\user11\desktop\end-project-grade-12-master\hooking\hashmap.h(59): note: while compiling class template member function 'bool hash_map<std::wstring,std::wstring>::put(T,R)'
          with
          [
              T=std::wstring,
              R=std::wstring
          ]
  c:\users\user11\desktop\end-project-grade-12-master\hooking\main.cpp(46): note: see reference to function template instantiation 'bool hash_map<std::wstring,std::wstring>::put(T,R)' being compiled
          with
          [
              T=std::wstring,
              R=std::wstring
          ]
c:\users\user11\desktop\end-project-grade-12-master\hooking\hashmap.h(55): error C2088: '==': illegal for class
